  源.cpp
G:\码云\programming-from-scratch\数据类型及长度\数据类型及长度\源.cpp(5,9): warning C4477: “printf”: 格式字符串“%d”需要类型“int”的参数，但可变参数 1 拥有了类型“size_t”
  G:\码云\programming-from-scratch\数据类型及长度\数据类型及长度\源.cpp(5,9):
  请考虑在格式字符串中使用“%zd”
  
G:\码云\programming-from-scratch\数据类型及长度\数据类型及长度\源.cpp(6,9): warning C4477: “printf”: 格式字符串“%d”需要类型“int”的参数，但可变参数 1 拥有了类型“size_t”
  G:\码云\programming-from-scratch\数据类型及长度\数据类型及长度\源.cpp(6,9):
  请考虑在格式字符串中使用“%zd”
  
G:\码云\programming-from-scratch\数据类型及长度\数据类型及长度\源.cpp(7,9): warning C4477: “printf”: 格式字符串“%d”需要类型“int”的参数，但可变参数 1 拥有了类型“size_t”
  G:\码云\programming-from-scratch\数据类型及长度\数据类型及长度\源.cpp(7,9):
  请考虑在格式字符串中使用“%zd”
  
G:\码云\programming-from-scratch\数据类型及长度\数据类型及长度\源.cpp(8,9): warning C4477: “printf”: 格式字符串“%d”需要类型“int”的参数，但可变参数 1 拥有了类型“size_t”
  G:\码云\programming-from-scratch\数据类型及长度\数据类型及长度\源.cpp(8,9):
  请考虑在格式字符串中使用“%zd”
  
G:\码云\programming-from-scratch\数据类型及长度\数据类型及长度\源.cpp(9,9): warning C4477: “printf”: 格式字符串“%d”需要类型“int”的参数，但可变参数 1 拥有了类型“size_t”
  G:\码云\programming-from-scratch\数据类型及长度\数据类型及长度\源.cpp(9,9):
  请考虑在格式字符串中使用“%zd”
  
G:\码云\programming-from-scratch\数据类型及长度\数据类型及长度\源.cpp(10,9): warning C4477: “printf”: 格式字符串“%d”需要类型“int”的参数，但可变参数 1 拥有了类型“size_t”
  G:\码云\programming-from-scratch\数据类型及长度\数据类型及长度\源.cpp(10,9):
  请考虑在格式字符串中使用“%zd”
  
  数据类型及长度.vcxproj -> G:\码云\programming-from-scratch\数据类型及长度\x64\Debug\数据类型及长度.exe
